Started GET "/" for 127.0.0.1 at 2022-08-01 13:43:09 -0400
  [1m[35m (0.7ms)[0m  [1m[34mSELECT sqlite_version(*)[0m
Processing by ArticlesController#index as HTML
Completed 500 Internal Server Error in 4ms (ActiveRecord: 0.0ms | Allocations: 5399)


  
NameError (uninitialized constant ArticlesController::Article):
  
app/controllers/articles_controller.rb:3:in `index'
Started GET "/" for 127.0.0.1 at 2022-08-01 13:43:43 -0400
Processing by ArticlesController#index as HTML
Completed 500 Internal Server Error in 4ms (ActiveRecord: 0.0ms | Allocations: 2273)


  
NameError (uninitialized constant ArticlesController::Article):
  
app/controllers/articles_controller.rb:3:in `index'
Started GET "/" for 127.0.0.1 at 2022-08-01 13:44:09 -0400
Processing by ArticlesController#index as HTML
Completed 500 Internal Server Error in 4ms (ActiveRecord: 0.0ms | Allocations: 2240)


  
NameError (uninitialized constant ArticlesController::Article):
  
app/controllers/articles_controller.rb:3:in `index'
Started GET "/" for 127.0.0.1 at 2022-08-01 13:45:34 -0400
  [1m[35m (0.2ms)[0m  [1m[34mSELECT sqlite_version(*)[0m
  [1m[35m (1.0ms)[0m  [1m[35mCREATE TABLE "schema_migrations" ("version" varchar NOT NULL PRIMARY KEY)[0m
  [1m[35m (0.4ms)[0m  [1m[35mCREATE TABLE "ar_internal_metadata" ("key" varchar NOT NULL PRIMARY KEY, "value" varchar, "created_at" datetime(6) NOT NULL, "updated_at" datetime(6) NOT NULL)[0m
  [1m[36mActiveRecord::SchemaMigration Pluck (0.0ms)[0m  [1m[34mSELECT "schema_migrations"."version" FROM "schema_migrations" ORDER BY "schema_migrations"."version" ASC[0m
  
ActiveRecord::PendingMigrationError (

Migrations are pending. To resolve this issue, run:

        bin/rails db:migrate RAILS_ENV=development

You have 1 pending migration:

20220801174515_create_articles.rb


):
  
activerecord (7.0.3.1) lib/active_record/migration.rb:627:in `check_pending!'
activerecord (7.0.3.1) lib/active_record/migration.rb:592:in `block (2 levels) in call'
activesupport (7.0.3.1) lib/active_support/file_update_checker.rb:83:in `execute'
activerecord (7.0.3.1) lib/active_record/migration.rb:597:in `block in call'
activerecord (7.0.3.1) lib/active_record/migration.rb:589:in `synchronize'
activerecord (7.0.3.1) lib/active_record/migration.rb:589:in `call'
actionpack (7.0.3.1) lib/action_dispatch/middleware/callbacks.rb:27:in `block in call'
activesupport (7.0.3.1) lib/active_support/callbacks.rb:99:in `run_callbacks'
actionpack (7.0.3.1) lib/action_dispatch/middleware/callbacks.rb:26:in `call'
actionpack (7.0.3.1) lib/action_dispatch/middleware/executor.rb:14:in `call'
actionpack (7.0.3.1) lib/action_dispatch/middleware/actionable_exceptions.rb:17:in `call'
actionpack (7.0.3.1) lib/action_dispatch/middleware/debug_exceptions.rb:28:in `call'
web-console (4.2.0) lib/web_console/middleware.rb:132:in `call_app'
web-console (4.2.0) lib/web_console/middleware.rb:28:in `block in call'
web-console (4.2.0) lib/web_console/middleware.rb:17:in `catch'
web-console (4.2.0) lib/web_console/middleware.rb:17:in `call'
actionpack (7.0.3.1) lib/action_dispatch/middleware/show_exceptions.rb:26:in `call'
railties (7.0.3.1) lib/rails/rack/logger.rb:40:in `call_app'
railties (7.0.3.1) lib/rails/rack/logger.rb:25:in `block in call'
activesupport (7.0.3.1) lib/active_support/tagged_logging.rb:114:in `block in tagged'
activesupport (7.0.3.1) lib/active_support/tagged_logging.rb:38:in `tagged'
activesupport (7.0.3.1) lib/active_support/tagged_logging.rb:114:in `tagged'
railties (7.0.3.1) lib/rails/rack/logger.rb:25:in `call'
sprockets-rails (3.4.2) lib/sprockets/rails/quiet_assets.rb:13:in `call'
actionpack (7.0.3.1) lib/action_dispatch/middleware/remote_ip.rb:93:in `call'
actionpack (7.0.3.1) lib/action_dispatch/middleware/request_id.rb:26:in `call'
rack (2.2.4) lib/rack/method_override.rb:24:in `call'
rack (2.2.4) lib/rack/runtime.rb:22:in `call'
activesupport (7.0.3.1) lib/active_support/cache/strategy/local_cache_middleware.rb:29:in `call'
actionpack (7.0.3.1) lib/action_dispatch/middleware/server_timing.rb:20:in `call'
actionpack (7.0.3.1) lib/action_dispatch/middleware/executor.rb:14:in `call'
actionpack (7.0.3.1) lib/action_dispatch/middleware/static.rb:23:in `call'
rack (2.2.4) lib/rack/sendfile.rb:110:in `call'
actionpack (7.0.3.1) lib/action_dispatch/middleware/host_authorization.rb:137:in `call'
railties (7.0.3.1) lib/rails/engine.rb:530:in `call'
puma (5.6.4) lib/puma/configuration.rb:252:in `call'
puma (5.6.4) lib/puma/request.rb:77:in `block in handle_request'
puma (5.6.4) lib/puma/thread_pool.rb:340:in `with_force_shutdown'
puma (5.6.4) lib/puma/request.rb:76:in `handle_request'
puma (5.6.4) lib/puma/server.rb:441:in `process_client'
puma (5.6.4) lib/puma/thread_pool.rb:147:in `block in spawn_thread'
  [1m[35m (0.2ms)[0m  [1m[34mSELECT sqlite_version(*)[0m
  [1m[36mActiveRecord::SchemaMigration Pluck (0.0ms)[0m  [1m[34mSELECT "schema_migrations"."version" FROM "schema_migrations" ORDER BY "schema_migrations"."version" ASC[0m
Migrating to CreateArticles (20220801174515)
  [1m[36mTRANSACTION (0.0ms)[0m  [1m[36mbegin transaction[0m
  [1m[35m (0.2ms)[0m  [1m[35mCREATE TABLE "articles" ("id" integer PRIMARY KEY AUTOINCREMENT NOT NULL, "title" varchar, "body" text, "created_at" datetime(6) NOT NULL, "updated_at" datetime(6) NOT NULL)[0m
  [1m[36mActiveRecord::SchemaMigration Create (0.1ms)[0m  [1m[32mINSERT INTO "schema_migrations" ("version") VALUES (?)[0m  [["version", "20220801174515"]]
  [1m[36mTRANSACTION (0.4ms)[0m  [1m[36mcommit transaction[0m
  [1m[36mActiveRecord::InternalMetadata Load (0.0ms)[0m  [1m[34mSELECT "ar_internal_metadata".* FROM "ar_internal_metadata" WHERE "ar_internal_metadata"."key" = ? LIMIT ?[0m  [["key", "environment"], ["LIMIT", 1]]
  [1m[36mTRANSACTION (0.0ms)[0m  [1m[36mbegin transaction[0m
  [1m[36mActiveRecord::InternalMetadata Create (0.1ms)[0m  [1m[32mINSERT INTO "ar_internal_metadata" ("key", "value", "created_at", "updated_at") VALUES (?, ?, ?, ?)[0m  [["key", "environment"], ["value", "development"], ["created_at", "2022-08-01 17:46:46.185472"], ["updated_at", "2022-08-01 17:46:46.185472"]]
  [1m[36mTRANSACTION (0.3ms)[0m  [1m[36mcommit transaction[0m
  [1m[35m (0.0ms)[0m  [1m[34mSELECT sqlite_version(*)[0m
  [1m[36mActiveRecord::SchemaMigration Pluck (0.0ms)[0m  [1m[34mSELECT "schema_migrations"."version" FROM "schema_migrations" ORDER BY "schema_migrations"."version" ASC[0m
Started GET "/" for 127.0.0.1 at 2022-08-01 13:46:57 -0400
  [1m[35m (0.2ms)[0m  [1m[34mSELECT sqlite_version(*)[0m
  [1m[36mActiveRecord::SchemaMigration Pluck (0.0ms)[0m  [1m[34mSELECT "schema_migrations"."version" FROM "schema_migrations" ORDER BY "schema_migrations"."version" ASC[0m
Processing by ArticlesController#index as HTML
  Rendering layout layouts/application.html.erb
  Rendering articles/index.html.erb within layouts/application
  Rendered articles/index.html.erb within layouts/application (Duration: 0.9ms | Allocations: 2273)
  Rendered layout layouts/application.html.erb (Duration: 1.0ms | Allocations: 2380)
Completed 500 Internal Server Error in 7ms (ActiveRecord: 0.0ms | Allocations: 9135)


  
ActionView::SyntaxErrorInTemplate (Encountered a syntax error while rendering template: check <h1>Articles</h1>

<ul>
  <% @articles.each do |article| %>
  <li>
    <%= article.title %>
  </li>

</ul>


):
1:    <h1>Articles</h1>
2:    
3:    <ul>
4:      <% @articles.each do |article| %>
5:      <li>
6:        <%= article.title %>
7:      </li>
8:    
9:    </ul>
  
app/views/articles/index.html.erb:13: syntax error, unexpected end-of-input, expecting `end'
app/views/articles/index.html.erb:13: syntax error, unexpected end-of-input, expecting `end'
app/views/articles/index.html.erb:13: syntax error, unexpected end-of-input, expecting `end'
app/views/articles/index.html.erb:13: syntax error, unexpected end-of-input, expecting `end'
app/views/articles/index.html.erb:13: syntax error, unexpected end-of-input, expecting `end'
app/views/articles/index.html.erb:13: syntax error, unexpected end-of-input, expecting `end'
Started GET "/" for 127.0.0.1 at 2022-08-01 13:49:39 -0400
Processing by ArticlesController#index as HTML
  Rendering layout layouts/application.html.erb
  Rendering articles/index.html.erb within layouts/application
  [1m[36mArticle Load (0.3ms)[0m  [1m[34mSELECT "articles".* FROM "articles"[0m
  ↳ app/views/articles/index.html.erb:4
  Rendered articles/index.html.erb within layouts/application (Duration: 3.1ms | Allocations: 959)
  Rendered layout layouts/application.html.erb (Duration: 139.4ms | Allocations: 96390)
Completed 200 OK in 146ms (Views: 144.5ms | ActiveRecord: 0.3ms | Allocations: 97612)


Started GET "/" for 127.0.0.1 at 2022-08-01 13:54:49 -0400
Processing by ArticlesController#index as HTML
  Rendering layout layouts/application.html.erb
  Rendering articles/index.html.erb within layouts/application
  [1m[35m (0.0ms)[0m  [1m[34mSELECT sqlite_version(*)[0m
  ↳ app/views/articles/index.html.erb:4
  [1m[36mArticle Load (0.1ms)[0m  [1m[34mSELECT "articles".* FROM "articles"[0m
  ↳ app/views/articles/index.html.erb:4
  Rendered articles/index.html.erb within layouts/application (Duration: 1.7ms | Allocations: 1576)
  Rendered layout layouts/application.html.erb (Duration: 12.7ms | Allocations: 15963)
Completed 200 OK in 16ms (Views: 14.0ms | ActiveRecord: 0.3ms | Allocations: 17911)


Started GET "/" for 127.0.0.1 at 2022-08-01 14:07:26 -0400
Processing by ArticlesController#index as HTML
  Rendering layout layouts/application.html.erb
  Rendering articles/index.html.erb within layouts/application
  [1m[35m (0.0ms)[0m  [1m[34mSELECT sqlite_version(*)[0m
  ↳ app/views/articles/index.html.erb:4
  [1m[36mArticle Load (0.1ms)[0m  [1m[34mSELECT "articles".* FROM "articles"[0m
  ↳ app/views/articles/index.html.erb:4
  Rendered articles/index.html.erb within layouts/application (Duration: 1.7ms | Allocations: 1558)
  Rendered layout layouts/application.html.erb (Duration: 8.0ms | Allocations: 15923)
Completed 200 OK in 11ms (Views: 8.9ms | ActiveRecord: 0.3ms | Allocations: 18089)


Started GET "/" for 127.0.0.1 at 2022-08-01 14:08:22 -0400
Processing by ArticlesController#index as HTML
  Rendering layout layouts/application.html.erb
  Rendering articles/index.html.erb within layouts/application
  [1m[36mArticle Load (0.3ms)[0m  [1m[34mSELECT "articles".* FROM "articles"[0m
  ↳ app/views/articles/index.html.erb:4
  Rendered articles/index.html.erb within layouts/application (Duration: 2.9ms | Allocations: 988)
  Rendered layout layouts/application.html.erb (Duration: 8.2ms | Allocations: 3986)
Completed 200 OK in 13ms (Views: 11.3ms | ActiveRecord: 0.3ms | Allocations: 5179)


Started GET "/articles/new" for 127.0.0.1 at 2022-08-01 14:08:23 -0400
Processing by ArticlesController#new as HTML
  Rendering layout layouts/application.html.erb
  Rendering articles/new.html.erb within layouts/application
  Rendered articles/new.html.erb within layouts/application (Duration: 11.7ms | Allocations: 5964)
  Rendered layout layouts/application.html.erb (Duration: 11.8ms | Allocations: 6060)
Completed 500 Internal Server Error in 32ms (ActiveRecord: 1.5ms | Allocations: 14921)


  
ActionView::Template::Error (undefined method `errors' for nil:NilClass):
    4: <div>
    5:     <%= form.label :title %><br>
    6:     <%= form.text_field :title %>
    7:     <% @article.errors.full_messages_for(:title).each do |message| %>
    8:      <div><%= message %></div>
    9:     <% end %>
   10: </div>
  
app/views/articles/new.html.erb:7
app/views/articles/new.html.erb:3
Started GET "/articles/new" for 127.0.0.1 at 2022-08-01 14:09:56 -0400
Processing by ArticlesController#new as HTML
  Rendering layout layouts/application.html.erb
  Rendering articles/new.html.erb within layouts/application
  Rendered articles/new.html.erb within layouts/application (Duration: 10.3ms | Allocations: 2797)
  Rendered layout layouts/application.html.erb (Duration: 10.5ms | Allocations: 2885)
Completed 500 Internal Server Error in 15ms (ActiveRecord: 0.0ms | Allocations: 4032)


  
ActionView::Template::Error (undefined method `errors' for nil:NilClass):
    4: <div>
    5:     <%= form.label :title %><br>
    6:     <%= form.text_field :title %>
    7:        <% @article.errors.full_messages_for(:title).each do |message| %>
    8:      <div><%= message %></div>
    9:     <% end %>
   10: </div>
  
app/views/articles/new.html.erb:7
app/views/articles/new.html.erb:3
Started GET "/articles/new" for 127.0.0.1 at 2022-08-01 14:41:39 -0400
Processing by ArticlesController#new as HTML
  [1m[35m (0.0ms)[0m  [1m[34mSELECT sqlite_version(*)[0m
  ↳ app/controllers/articles_controller.rb:11:in `new'
  Rendering layout layouts/application.html.erb
  Rendering articles/new.html.erb within layouts/application
  Rendered articles/new.html.erb within layouts/application (Duration: 1.4ms | Allocations: 2753)
  Rendered layout layouts/application.html.erb (Duration: 1.6ms | Allocations: 2842)
Completed 500 Internal Server Error in 6ms (ActiveRecord: 0.2ms | Allocations: 6596)


  
ActionView::Template::Error (undefined method `errors' for nil:NilClass):
    4: <div>
    5:     <%= form.label :title %><br>
    6:     <%= form.text_field :title %>
    7:        <% @article.errors.full_messages_for(:title).each do |message| %>
    8:      <div><%= message %></div>
    9:     <% end %>
   10: </div>
  
app/views/articles/new.html.erb:7
app/views/articles/new.html.erb:3
Started GET "/articles/new" for 127.0.0.1 at 2022-08-01 14:41:40 -0400
Processing by ArticlesController#new as HTML
  Rendering layout layouts/application.html.erb
  Rendering articles/new.html.erb within layouts/application
  Rendered articles/new.html.erb within layouts/application (Duration: 4.3ms | Allocations: 2339)
  Rendered layout layouts/application.html.erb (Duration: 4.6ms | Allocations: 2422)
Completed 500 Internal Server Error in 9ms (ActiveRecord: 0.0ms | Allocations: 2759)


  
ActionView::Template::Error (undefined method `errors' for nil:NilClass):
    4: <div>
    5:     <%= form.label :title %><br>
    6:     <%= form.text_field :title %>
    7:        <% @article.errors.full_messages_for(:title).each do |message| %>
    8:      <div><%= message %></div>
    9:     <% end %>
   10: </div>
  
app/views/articles/new.html.erb:7
app/views/articles/new.html.erb:3
Started GET "/" for 127.0.0.1 at 2022-08-01 14:42:00 -0400
Processing by ArticlesController#index as HTML
  Rendering layout layouts/application.html.erb
  Rendering articles/index.html.erb within layouts/application
  [1m[36mArticle Load (0.9ms)[0m  [1m[34mSELECT "articles".* FROM "articles"[0m
  ↳ app/views/articles/index.html.erb:4
  Rendered articles/index.html.erb within layouts/application (Duration: 4.9ms | Allocations: 932)
  Rendered layout layouts/application.html.erb (Duration: 15.7ms | Allocations: 15293)
Completed 200 OK in 18ms (Views: 15.4ms | ActiveRecord: 0.9ms | Allocations: 15752)


Started GET "/articles/new" for 127.0.0.1 at 2022-08-01 14:42:02 -0400
Processing by ArticlesController#new as HTML
  Rendering layout layouts/application.html.erb
  Rendering articles/new.html.erb within layouts/application
  Rendered articles/new.html.erb within layouts/application (Duration: 3.7ms | Allocations: 2338)
  Rendered layout layouts/application.html.erb (Duration: 4.0ms | Allocations: 2420)
Completed 500 Internal Server Error in 5ms (ActiveRecord: 0.0ms | Allocations: 2723)


  
ActionView::Template::Error (undefined method `errors' for nil:NilClass):
    4: <div>
    5:     <%= form.label :title %><br>
    6:     <%= form.text_field :title %>
    7:        <% @article.errors.full_messages_for(:title).each do |message| %>
    8:      <div><%= message %></div>
    9:     <% end %>
   10: </div>
  
app/views/articles/new.html.erb:7
app/views/articles/new.html.erb:3
Started GET "/articles/new" for 127.0.0.1 at 2022-08-01 14:42:51 -0400
  [1m[36mActiveRecord::SchemaMigration Pluck (0.2ms)[0m  [1m[34mSELECT "schema_migrations"."version" FROM "schema_migrations" ORDER BY "schema_migrations"."version" ASC[0m
Processing by ArticlesController#new as HTML
  Rendering layout layouts/application.html.erb
  Rendering articles/new.html.erb within layouts/application
  Rendered articles/new.html.erb within layouts/application (Duration: 3.8ms | Allocations: 2338)
  Rendered layout layouts/application.html.erb (Duration: 4.3ms | Allocations: 2420)
Completed 500 Internal Server Error in 6ms (ActiveRecord: 0.0ms | Allocations: 2723)


  
ActionView::Template::Error (undefined method `errors' for nil:NilClass):
    4: <div>
    5:     <%= form.label :title %><br>
    6:     <%= form.text_field :title %>
    7:        <% @article.errors.full_messages_for(:title).each do |message| %>
    8:      <div><%= message %></div>
    9:     <% end %>
   10: </div>
  
app/views/articles/new.html.erb:7
app/views/articles/new.html.erb:3
Started GET "/articles/new" for 127.0.0.1 at 2022-08-01 14:44:00 -0400
Processing by ArticlesController#new as HTML
  Rendering layout layouts/application.html.erb
  Rendering articles/new.html.erb within layouts/application
  Rendered articles/new.html.erb within layouts/application (Duration: 4.4ms | Allocations: 2801)
  Rendered layout layouts/application.html.erb (Duration: 4.7ms | Allocations: 2889)
Completed 500 Internal Server Error in 8ms (ActiveRecord: 0.0ms | Allocations: 4012)


  
ActionView::Template::Error (undefined method `errors' for nil:NilClass):
    4:   <div>
    5:     <%= form.label :title %><br>
    6:     <%= form.text_field :title %>
    7:     <% @article.errors.full_messages_for(:title).each do |message| %>
    8:       <div><%= message %></div>
    9:     <% end %>
   10:   </div>
  
app/views/articles/new.html.erb:7
app/views/articles/new.html.erb:3
Started GET "/articles/new" for 127.0.0.1 at 2022-08-01 14:44:01 -0400
Processing by ArticlesController#new as HTML
  Rendering layout layouts/application.html.erb
  Rendering articles/new.html.erb within layouts/application
  Rendered articles/new.html.erb within layouts/application (Duration: 4.4ms | Allocations: 2338)
  Rendered layout layouts/application.html.erb (Duration: 5.0ms | Allocations: 2420)
Completed 500 Internal Server Error in 7ms (ActiveRecord: 0.0ms | Allocations: 2748)


  
ActionView::Template::Error (undefined method `errors' for nil:NilClass):
    4:   <div>
    5:     <%= form.label :title %><br>
    6:     <%= form.text_field :title %>
    7:     <% @article.errors.full_messages_for(:title).each do |message| %>
    8:       <div><%= message %></div>
    9:     <% end %>
   10:   </div>
  
app/views/articles/new.html.erb:7
app/views/articles/new.html.erb:3
Started GET "/articles/new" for 127.0.0.1 at 2022-08-01 14:45:40 -0400
Processing by ArticlesController#new as HTML
  [1m[35m (0.3ms)[0m  [1m[34mSELECT sqlite_version(*)[0m
  ↳ app/controllers/articles_controller.rb:11:in `new'
  Rendering layout layouts/application.html.erb
  Rendering articles/new.html.erb within layouts/application
  Rendered articles/new.html.erb within layouts/application (Duration: 3.3ms | Allocations: 1976)
  Rendered layout layouts/application.html.erb (Duration: 10.7ms | Allocations: 16112)
Completed 200 OK in 16ms (Views: 11.8ms | ActiveRecord: 0.8ms | Allocations: 19954)


Started POST "/articles" for 127.0.0.1 at 2022-08-01 14:45:52 -0400
Processing by ArticlesController#create as TURBO_STREAM
  Parameters: {"authenticity_token"=>"[FILTERED]", "article"=>{"title"=>"hey", "body"=>"hey brother hey borther"}, "commit"=>"Create Article"}
  [1m[36mTRANSACTION (0.1ms)[0m  [1m[36mbegin transaction[0m
  ↳ app/controllers/articles_controller.rb:17:in `create'
  [1m[36mArticle Create (0.7ms)[0m  [1m[32mINSERT INTO "articles" ("title", "body", "created_at", "updated_at") VALUES (?, ?, ?, ?)[0m  [["title", "hey"], ["body", "hey brother hey borther"], ["created_at", "2022-08-01 18:45:52.944489"], ["updated_at", "2022-08-01 18:45:52.944489"]]
  ↳ app/controllers/articles_controller.rb:17:in `create'
  [1m[36mTRANSACTION (0.8ms)[0m  [1m[36mcommit transaction[0m
  ↳ app/controllers/articles_controller.rb:17:in `create'
Redirected to http://localhost:3000/articles/1
Completed 302 Found in 8ms (ActiveRecord: 1.6ms | Allocations: 3875)


Started GET "/articles/1" for 127.0.0.1 at 2022-08-01 14:45:52 -0400
Processing by ArticlesController#show as TURBO_STREAM
  Parameters: {"id"=>"1"}
  [1m[36mArticle Load (0.2ms)[0m  [1m[34mSELECT "articles".* FROM "articles" WHERE "articles"."id" = ? LIMIT ?[0m  [["id", 1], ["LIMIT", 1]]
  ↳ app/controllers/articles_controller.rb:7:in `show'
  Rendering layout layouts/application.html.erb
  Rendering articles/show.html.erb within layouts/application
  Rendered articles/show.html.erb within layouts/application (Duration: 1.7ms | Allocations: 1504)
  Rendered layout layouts/application.html.erb (Duration: 1.8ms | Allocations: 1588)
Completed 500 Internal Server Error in 7ms (ActiveRecord: 0.2ms | Allocations: 4695)


  
ActionView::Template::Error (undefined method `title' for nil:NilClass):
    1: <h1><%= @article.title %></h1>
    2: 
    3: <p><%= @article.body %></p>
  
app/views/articles/show.html.erb:1
Started GET "/articles/new" for 127.0.0.1 at 2022-08-01 14:48:09 -0400
Processing by ArticlesController#new as HTML
  [1m[35m (0.0ms)[0m  [1m[34mSELECT sqlite_version(*)[0m
  ↳ app/controllers/articles_controller.rb:11:in `new'
  Rendering layout layouts/application.html.erb
  Rendering articles/new.html.erb within layouts/application
  Rendered articles/new.html.erb within layouts/application (Duration: 1.6ms | Allocations: 1747)
  Rendered layout layouts/application.html.erb (Duration: 11.9ms | Allocations: 15829)
Completed 200 OK in 17ms (Views: 12.8ms | ActiveRecord: 0.4ms | Allocations: 20002)


Started POST "/articles" for 127.0.0.1 at 2022-08-01 14:48:11 -0400
Processing by ArticlesController#create as TURBO_STREAM
  Parameters: {"authenticity_token"=>"[FILTERED]", "article"=>{"title"=>"hey", "body"=>"hey brother hey borther"}, "commit"=>"Create Article"}
  [1m[36mTRANSACTION (0.2ms)[0m  [1m[36mbegin transaction[0m
  ↳ app/controllers/articles_controller.rb:17:in `create'
  [1m[36mArticle Create (1.8ms)[0m  [1m[32mINSERT INTO "articles" ("title", "body", "created_at", "updated_at") VALUES (?, ?, ?, ?)[0m  [["title", "hey"], ["body", "hey brother hey borther"], ["created_at", "2022-08-01 18:48:11.241294"], ["updated_at", "2022-08-01 18:48:11.241294"]]
  ↳ app/controllers/articles_controller.rb:17:in `create'
  [1m[36mTRANSACTION (1.4ms)[0m  [1m[36mcommit transaction[0m
  ↳ app/controllers/articles_controller.rb:17:in `create'
Redirected to http://localhost:3000/articles/2
Completed 302 Found in 15ms (ActiveRecord: 3.4ms | Allocations: 2695)


Started GET "/articles/2" for 127.0.0.1 at 2022-08-01 14:48:11 -0400
Processing by ArticlesController#show as TURBO_STREAM
  Parameters: {"id"=>"2"}
  [1m[36mArticle Load (0.3ms)[0m  [1m[34mSELECT "articles".* FROM "articles" WHERE "articles"."id" = ? LIMIT ?[0m  [["id", 2], ["LIMIT", 1]]
  ↳ app/controllers/articles_controller.rb:7:in `show'
  Rendering layout layouts/application.html.erb
  Rendering articles/show.html.erb within layouts/application
  Rendered articles/show.html.erb within layouts/application (Duration: 0.8ms | Allocations: 166)
  Rendered layout layouts/application.html.erb (Duration: 4.8ms | Allocations: 2673)
Completed 200 OK in 8ms (Views: 5.4ms | ActiveRecord: 0.3ms | Allocations: 4336)


Started GET "/articles/2" for 127.0.0.1 at 2022-08-01 14:50:28 -0400
  [1m[35m (0.4ms)[0m  [1m[34mSELECT sqlite_version(*)[0m
  [1m[36mActiveRecord::SchemaMigration Pluck (0.1ms)[0m  [1m[34mSELECT "schema_migrations"."version" FROM "schema_migrations" ORDER BY "schema_migrations"."version" ASC[0m
Processing by ArticlesController#show as HTML
  Parameters: {"id"=>"2"}
  [1m[36mArticle Load (0.0ms)[0m  [1m[34mSELECT "articles".* FROM "articles" WHERE "articles"."id" = ? LIMIT ?[0m  [["id", 2], ["LIMIT", 1]]
  ↳ app/controllers/articles_controller.rb:7:in `show'
  Rendering layout layouts/application.html.erb
  Rendering articles/show.html.erb within layouts/application
  Rendered articles/show.html.erb within layouts/application (Duration: 0.5ms | Allocations: 529)
  Rendered layout layouts/application.html.erb (Duration: 24.1ms | Allocations: 35866)
Completed 200 OK in 33ms (Views: 25.8ms | ActiveRecord: 0.3ms | Allocations: 50230)


Started GET "/articles/2" for 127.0.0.1 at 2022-08-01 14:50:29 -0400
Processing by ArticlesController#show as HTML
  Parameters: {"id"=>"2"}
  [1m[36mArticle Load (0.4ms)[0m  [1m[34mSELECT "articles".* FROM "articles" WHERE "articles"."id" = ? LIMIT ?[0m  [["id", 2], ["LIMIT", 1]]
  ↳ app/controllers/articles_controller.rb:7:in `show'
  Rendering layout layouts/application.html.erb
  Rendering articles/show.html.erb within layouts/application
  Rendered articles/show.html.erb within layouts/application (Duration: 0.9ms | Allocations: 24)
  Rendered layout layouts/application.html.erb (Duration: 6.3ms | Allocations: 2713)
Completed 200 OK in 14ms (Views: 8.2ms | ActiveRecord: 0.4ms | Allocations: 3651)


Started GET "/articles/2" for 127.0.0.1 at 2022-08-01 14:50:38 -0400
Processing by ArticlesController#show as HTML
  Parameters: {"id"=>"2"}
  [1m[36mArticle Load (0.7ms)[0m  [1m[34mSELECT "articles".* FROM "articles" WHERE "articles"."id" = ? LIMIT ?[0m  [["id", 2], ["LIMIT", 1]]
  ↳ app/controllers/articles_controller.rb:7:in `show'
  Rendering layout layouts/application.html.erb
  Rendering articles/show.html.erb within layouts/application
  Rendered articles/show.html.erb within layouts/application (Duration: 1.2ms | Allocations: 189)
  Rendered layout layouts/application.html.erb (Duration: 4.9ms | Allocations: 3187)
Completed 200 OK in 13ms (Views: 8.3ms | ActiveRecord: 0.7ms | Allocations: 4860)


Started GET "/articles/2" for 127.0.0.1 at 2022-08-01 14:51:06 -0400
Processing by ArticlesController#show as HTML
  Parameters: {"id"=>"2"}
  [1m[36mArticle Load (0.2ms)[0m  [1m[34mSELECT "articles".* FROM "articles" WHERE "articles"."id" = ? LIMIT ?[0m  [["id", 2], ["LIMIT", 1]]
  ↳ app/controllers/articles_controller.rb:7:in `show'
  Rendering layout layouts/application.html.erb
  Rendering articles/show.html.erb within layouts/application
  Rendered articles/show.html.erb within layouts/application (Duration: 1.2ms | Allocations: 329)
  Rendered layout layouts/application.html.erb (Duration: 7.1ms | Allocations: 3311)
Completed 200 OK in 16ms (Views: 11.4ms | ActiveRecord: 0.2ms | Allocations: 5037)


Started GET "/articles" for 127.0.0.1 at 2022-08-01 14:51:07 -0400
Processing by ArticlesController#index as HTML
  Rendering layout layouts/application.html.erb
  Rendering articles/index.html.erb within layouts/application
  [1m[36mArticle Load (0.6ms)[0m  [1m[34mSELECT "articles".* FROM "articles"[0m
  ↳ app/views/articles/index.html.erb:4
  Rendered articles/index.html.erb within layouts/application (Duration: 5.7ms | Allocations: 1069)
  Rendered layout layouts/application.html.erb (Duration: 10.8ms | Allocations: 3589)
Completed 200 OK in 14ms (Views: 10.9ms | ActiveRecord: 0.6ms | Allocations: 4008)


Started GET "/articles" for 127.0.0.1 at 2022-08-01 14:51:26 -0400
Processing by ArticlesController#index as HTML
  Rendering layout layouts/application.html.erb
  Rendering articles/index.html.erb within layouts/application
  [1m[36mArticle Load (0.5ms)[0m  [1m[34mSELECT "articles".* FROM "articles"[0m
  ↳ app/views/articles/index.html.erb:4
  Rendered articles/index.html.erb within layouts/application (Duration: 4.6ms | Allocations: 1065)
  Rendered layout layouts/application.html.erb (Duration: 10.0ms | Allocations: 4039)
Completed 200 OK in 15ms (Views: 13.1ms | ActiveRecord: 0.5ms | Allocations: 5197)


Started GET "/articles" for 127.0.0.1 at 2022-08-01 14:51:27 -0400
Processing by ArticlesController#index as HTML
  Rendering layout layouts/application.html.erb
  Rendering articles/index.html.erb within layouts/application
  [1m[36mArticle Load (0.8ms)[0m  [1m[34mSELECT "articles".* FROM "articles"[0m
  ↳ app/views/articles/index.html.erb:4
  Rendered articles/index.html.erb within layouts/application (Duration: 3.9ms | Allocations: 693)
  Rendered layout layouts/application.html.erb (Duration: 14.0ms | Allocations: 3209)
Completed 200 OK in 16ms (Views: 14.4ms | ActiveRecord: 0.8ms | Allocations: 3566)


Started GET "/articles" for 127.0.0.1 at 2022-08-01 14:51:30 -0400
Processing by ArticlesController#index as HTML
  Rendering layout layouts/application.html.erb
  Rendering articles/index.html.erb within layouts/application
  [1m[36mArticle Load (0.4ms)[0m  [1m[34mSELECT "articles".* FROM "articles"[0m
  ↳ app/views/articles/index.html.erb:4
  Rendered articles/index.html.erb within layouts/application (Duration: 6.5ms | Allocations: 1065)
  Rendered layout layouts/application.html.erb (Duration: 12.7ms | Allocations: 4027)
Completed 200 OK in 16ms (Views: 14.6ms | ActiveRecord: 0.4ms | Allocations: 5185)


Started GET "/articles/2" for 127.0.0.1 at 2022-08-01 14:51:39 -0400
Processing by ArticlesController#show as HTML
  Parameters: {"id"=>"2"}
  [1m[36mArticle Load (0.2ms)[0m  [1m[34mSELECT "articles".* FROM "articles" WHERE "articles"."id" = ? LIMIT ?[0m  [["id", 2], ["LIMIT", 1]]
  ↳ app/controllers/articles_controller.rb:7:in `show'
  Rendering layout layouts/application.html.erb
  Rendering articles/show.html.erb within layouts/application
  Rendered articles/show.html.erb within layouts/application (Duration: 1.4ms | Allocations: 293)
  Rendered layout layouts/application.html.erb (Duration: 5.8ms | Allocations: 3275)
Completed 200 OK in 15ms (Views: 10.4ms | ActiveRecord: 0.2ms | Allocations: 4975)


Started GET "/articles" for 127.0.0.1 at 2022-08-01 14:51:41 -0400
Processing by ArticlesController#index as HTML
  Rendering layout layouts/application.html.erb
  Rendering articles/index.html.erb within layouts/application
  [1m[36mArticle Load (0.4ms)[0m  [1m[34mSELECT "articles".* FROM "articles"[0m
  ↳ app/views/articles/index.html.erb:4
  Rendered articles/index.html.erb within layouts/application (Duration: 4.6ms | Allocations: 963)
  Rendered layout layouts/application.html.erb (Duration: 9.5ms | Allocations: 3480)
Completed 200 OK in 12ms (Views: 10.4ms | ActiveRecord: 0.4ms | Allocations: 3896)


Started GET "/articles/1" for 127.0.0.1 at 2022-08-01 14:51:47 -0400
Processing by ArticlesController#show as HTML
  Parameters: {"id"=>"1"}
  [1m[36mArticle Load (0.2ms)[0m  [1m[34mSELECT "articles".* FROM "articles" WHERE "articles"."id" = ? LIMIT ?[0m  [["id", 1], ["LIMIT", 1]]
  ↳ app/controllers/articles_controller.rb:7:in `show'
  Rendering layout layouts/application.html.erb
  Rendering articles/show.html.erb within layouts/application
  Rendered articles/show.html.erb within layouts/application (Duration: 0.5ms | Allocations: 292)
  Rendered layout layouts/application.html.erb (Duration: 3.2ms | Allocations: 3255)
Completed 200 OK in 10ms (Views: 7.4ms | ActiveRecord: 0.2ms | Allocations: 4914)


Started GET "/articles/1" for 127.0.0.1 at 2022-08-01 14:58:49 -0400
Processing by ArticlesController#show as HTML
  Parameters: {"id"=>"1"}
  [1m[35m (0.0ms)[0m  [1m[34mSELECT sqlite_version(*)[0m
  ↳ app/controllers/articles_controller.rb:7:in `show'
  [1m[36mArticle Load (0.4ms)[0m  [1m[34mSELECT "articles".* FROM "articles" WHERE "articles"."id" = ? LIMIT ?[0m  [["id", 1], ["LIMIT", 1]]
  ↳ app/controllers/articles_controller.rb:7:in `show'
  Rendering layout layouts/application.html.erb
  Rendering articles/show.html.erb within layouts/application
  Rendered articles/show.html.erb within layouts/application (Duration: 0.6ms | Allocations: 423)
  Rendered layout layouts/application.html.erb (Duration: 8.8ms | Allocations: 14862)
Completed 200 OK in 14ms (Views: 9.9ms | ActiveRecord: 0.7ms | Allocations: 19772)


Started GET "/articles/1/edit" for 127.0.0.1 at 2022-08-01 14:58:50 -0400
Processing by ArticlesController#edit as HTML
  Parameters: {"id"=>"1"}
  [1m[36mArticle Load (0.3ms)[0m  [1m[34mSELECT "articles".* FROM "articles" WHERE "articles"."id" = ? LIMIT ?[0m  [["id", 1], ["LIMIT", 1]]
  ↳ app/controllers/articles_controller.rb:26:in `edit'
  Rendering layout layouts/application.html.erb
  Rendering articles/edit.html.erb within layouts/application
  Rendered articles/_form.html.erb (Duration: 10.9ms | Allocations: 5785)
  Rendered articles/edit.html.erb within layouts/application (Duration: 13.8ms | Allocations: 6081)
  Rendered layout layouts/application.html.erb (Duration: 16.7ms | Allocations: 8418)
Completed 200 OK in 23ms (Views: 18.0ms | ActiveRecord: 0.3ms | Allocations: 9378)


Started GET "/articles/1/edit" for 127.0.0.1 at 2022-08-01 15:08:09 -0400
Processing by ArticlesController#edit as HTML
  Parameters: {"id"=>"1"}
  [1m[35m (0.0ms)[0m  [1m[34mSELECT sqlite_version(*)[0m
  ↳ app/controllers/articles_controller.rb:26:in `edit'
  [1m[36mArticle Load (0.4ms)[0m  [1m[34mSELECT "articles".* FROM "articles" WHERE "articles"."id" = ? LIMIT ?[0m  [["id", 1], ["LIMIT", 1]]
  ↳ app/controllers/articles_controller.rb:26:in `edit'
  Rendering layout layouts/application.html.erb
  Rendering articles/edit.html.erb within layouts/application
  Rendered articles/_form.html.erb (Duration: 1.4ms | Allocations: 3415)
  Rendered articles/edit.html.erb within layouts/application (Duration: 1.5ms | Allocations: 3501)
  Rendered layout layouts/application.html.erb (Duration: 10.1ms | Allocations: 17344)
Completed 200 OK in 16ms (Views: 10.9ms | ActiveRecord: 0.6ms | Allocations: 21886)


Started GET "/articles/1" for 127.0.0.1 at 2022-08-01 15:08:11 -0400
Processing by ArticlesController#show as HTML
  Parameters: {"id"=>"1"}
  [1m[36mArticle Load (0.6ms)[0m  [1m[34mSELECT "articles".* FROM "articles" WHERE "articles"."id" = ? LIMIT ?[0m  [["id", 1], ["LIMIT", 1]]
  ↳ app/controllers/articles_controller.rb:7:in `show'
  Rendering layout layouts/application.html.erb
  Rendering articles/show.html.erb within layouts/application
  Rendered articles/show.html.erb within layouts/application (Duration: 0.8ms | Allocations: 133)
  Rendered layout layouts/application.html.erb (Duration: 5.0ms | Allocations: 2647)
Completed 200 OK in 10ms (Views: 6.1ms | ActiveRecord: 0.6ms | Allocations: 3519)


Started GET "/articles/1/edit" for 127.0.0.1 at 2022-08-01 15:08:13 -0400
Processing by ArticlesController#edit as HTML
  Parameters: {"id"=>"1"}
  [1m[36mArticle Load (0.3ms)[0m  [1m[34mSELECT "articles".* FROM "articles" WHERE "articles"."id" = ? LIMIT ?[0m  [["id", 1], ["LIMIT", 1]]
  ↳ app/controllers/articles_controller.rb:26:in `edit'
  Rendering layout layouts/application.html.erb
  Rendering articles/edit.html.erb within layouts/application
  Rendered articles/_form.html.erb (Duration: 4.6ms | Allocations: 2832)
  Rendered articles/edit.html.erb within layouts/application (Duration: 5.1ms | Allocations: 2907)
  Rendered layout layouts/application.html.erb (Duration: 7.9ms | Allocations: 5121)
Completed 200 OK in 12ms (Views: 8.5ms | ActiveRecord: 0.3ms | Allocations: 5926)


Started GET "/articles/1/edit" for 127.0.0.1 at 2022-08-01 15:08:18 -0400
Processing by ArticlesController#edit as HTML
  Parameters: {"id"=>"1"}
  [1m[35m (0.1ms)[0m  [1m[34mSELECT sqlite_version(*)[0m
  ↳ app/controllers/articles_controller.rb:26:in `edit'
  [1m[36mArticle Load (0.1ms)[0m  [1m[34mSELECT "articles".* FROM "articles" WHERE "articles"."id" = ? LIMIT ?[0m  [["id", 1], ["LIMIT", 1]]
  ↳ app/controllers/articles_controller.rb:26:in `edit'
  Rendering layout layouts/application.html.erb
  Rendering articles/edit.html.erb within layouts/application
  Rendered articles/_form.html.erb (Duration: 9.7ms | Allocations: 3418)
  Rendered articles/edit.html.erb within layouts/application (Duration: 9.9ms | Allocations: 3504)
  Rendered layout layouts/application.html.erb (Duration: 17.3ms | Allocations: 17366)
Completed 200 OK in 24ms (Views: 18.3ms | ActiveRecord: 0.7ms | Allocations: 22356)


Started GET "/articles/1/edit" for 127.0.0.1 at 2022-08-01 15:11:08 -0400
Processing by ArticlesController#edit as HTML
  Parameters: {"id"=>"1"}
  [1m[35m (0.0ms)[0m  [1m[34mSELECT sqlite_version(*)[0m
  ↳ app/controllers/articles_controller.rb:26:in `edit'
  [1m[36mArticle Load (0.1ms)[0m  [1m[34mSELECT "articles".* FROM "articles" WHERE "articles"."id" = ? LIMIT ?[0m  [["id", 1], ["LIMIT", 1]]
  ↳ app/controllers/articles_controller.rb:26:in `edit'
  Rendering layout layouts/application.html.erb
  Rendering articles/edit.html.erb within layouts/application
  Rendered articles/_form.html.erb (Duration: 1.5ms | Allocations: 3426)
  Rendered articles/edit.html.erb within layouts/application (Duration: 1.6ms | Allocations: 3512)
  Rendered layout layouts/application.html.erb (Duration: 7.6ms | Allocations: 17374)
Completed 200 OK in 13ms (Views: 8.3ms | ActiveRecord: 0.5ms | Allocations: 22365)


Started POST "/articles/1/edit" for 127.0.0.1 at 2022-08-01 15:11:13 -0400
  
ActionController::RoutingError (No route matches [POST] "/articles/1/edit"):
  
Started GET "/articles/1/edit" for 127.0.0.1 at 2022-08-01 15:11:13 -0400
Processing by ArticlesController#edit as HTML
  Parameters: {"id"=>"1"}
  [1m[36mArticle Load (0.1ms)[0m  [1m[34mSELECT "articles".* FROM "articles" WHERE "articles"."id" = ? LIMIT ?[0m  [["id", 1], ["LIMIT", 1]]
  ↳ app/controllers/articles_controller.rb:26:in `edit'
  Rendering layout layouts/application.html.erb
  Rendering articles/edit.html.erb within layouts/application
  Rendered articles/_form.html.erb (Duration: 1.1ms | Allocations: 2990)
  Rendered articles/edit.html.erb within layouts/application (Duration: 1.2ms | Allocations: 3065)
  Rendered layout layouts/application.html.erb (Duration: 7.9ms | Allocations: 5377)
Completed 200 OK in 9ms (Views: 8.3ms | ActiveRecord: 0.1ms | Allocations: 6278)


Started POST "/articles/1/edit" for 127.0.0.1 at 2022-08-01 15:11:15 -0400
  
ActionController::RoutingError (No route matches [POST] "/articles/1/edit"):
  
Started GET "/articles/1/edit" for 127.0.0.1 at 2022-08-01 15:11:15 -0400
Processing by ArticlesController#edit as HTML
  Parameters: {"id"=>"1"}
  [1m[36mArticle Load (0.1ms)[0m  [1m[34mSELECT "articles".* FROM "articles" WHERE "articles"."id" = ? LIMIT ?[0m  [["id", 1], ["LIMIT", 1]]
  ↳ app/controllers/articles_controller.rb:26:in `edit'
  Rendering layout layouts/application.html.erb
  Rendering articles/edit.html.erb within layouts/application
  Rendered articles/_form.html.erb (Duration: 1.3ms | Allocations: 2851)
  Rendered articles/edit.html.erb within layouts/application (Duration: 1.4ms | Allocations: 2926)
  Rendered layout layouts/application.html.erb (Duration: 3.2ms | Allocations: 5156)
Completed 200 OK in 5ms (Views: 3.5ms | ActiveRecord: 0.1ms | Allocations: 5959)


Started POST "/articles/1/edit" for 127.0.0.1 at 2022-08-01 15:11:29 -0400
  
ActionController::RoutingError (No route matches [POST] "/articles/1/edit"):
  
Started GET "/articles/1/edit" for 127.0.0.1 at 2022-08-01 15:11:29 -0400
Processing by ArticlesController#edit as HTML
  Parameters: {"id"=>"1"}
  [1m[36mArticle Load (0.2ms)[0m  [1m[34mSELECT "articles".* FROM "articles" WHERE "articles"."id" = ? LIMIT ?[0m  [["id", 1], ["LIMIT", 1]]
  ↳ app/controllers/articles_controller.rb:26:in `edit'
  Rendering layout layouts/application.html.erb
  Rendering articles/edit.html.erb within layouts/application
  Rendered articles/_form.html.erb (Duration: 1.3ms | Allocations: 2846)
  Rendered articles/edit.html.erb within layouts/application (Duration: 1.4ms | Allocations: 2921)
  Rendered layout layouts/application.html.erb (Duration: 4.0ms | Allocations: 5135)
Completed 200 OK in 5ms (Views: 4.3ms | ActiveRecord: 0.2ms | Allocations: 5937)


Started POST "/articles/1/edit" for 127.0.0.1 at 2022-08-01 15:11:31 -0400
  
ActionController::RoutingError (No route matches [POST] "/articles/1/edit"):
  
Started GET "/articles/1/edit" for 127.0.0.1 at 2022-08-01 15:11:31 -0400
Processing by ArticlesController#edit as HTML
  Parameters: {"id"=>"1"}
  [1m[36mArticle Load (0.2ms)[0m  [1m[34mSELECT "articles".* FROM "articles" WHERE "articles"."id" = ? LIMIT ?[0m  [["id", 1], ["LIMIT", 1]]
  ↳ app/controllers/articles_controller.rb:26:in `edit'
  Rendering layout layouts/application.html.erb
  Rendering articles/edit.html.erb within layouts/application
  Rendered articles/_form.html.erb (Duration: 1.3ms | Allocations: 2848)
  Rendered articles/edit.html.erb within layouts/application (Duration: 1.5ms | Allocations: 2923)
  Rendered layout layouts/application.html.erb (Duration: 3.3ms | Allocations: 5153)
Completed 200 OK in 5ms (Views: 3.8ms | ActiveRecord: 0.2ms | Allocations: 5957)


Started POST "/articles/1/edit" for 127.0.0.1 at 2022-08-01 15:11:34 -0400
  
ActionController::RoutingError (No route matches [POST] "/articles/1/edit"):
  
Started GET "/articles/1/edit" for 127.0.0.1 at 2022-08-01 15:11:34 -0400
Processing by ArticlesController#edit as HTML
  Parameters: {"id"=>"1"}
  [1m[36mArticle Load (0.1ms)[0m  [1m[34mSELECT "articles".* FROM "articles" WHERE "articles"."id" = ? LIMIT ?[0m  [["id", 1], ["LIMIT", 1]]
  ↳ app/controllers/articles_controller.rb:26:in `edit'
  Rendering layout layouts/application.html.erb
  Rendering articles/edit.html.erb within layouts/application
  Rendered articles/_form.html.erb (Duration: 1.2ms | Allocations: 2856)
  Rendered articles/edit.html.erb within layouts/application (Duration: 1.3ms | Allocations: 2931)
  Rendered layout layouts/application.html.erb (Duration: 3.0ms | Allocations: 5161)
Completed 200 OK in 4ms (Views: 3.2ms | ActiveRecord: 0.1ms | Allocations: 5964)


Started POST "/articles/1/edit" for 127.0.0.1 at 2022-08-01 15:11:44 -0400
  
ActionController::RoutingError (No route matches [POST] "/articles/1/edit"):
  
Started GET "/articles/1/edit" for 127.0.0.1 at 2022-08-01 15:11:44 -0400
Processing by ArticlesController#edit as HTML
  Parameters: {"id"=>"1"}
  [1m[36mArticle Load (0.1ms)[0m  [1m[34mSELECT "articles".* FROM "articles" WHERE "articles"."id" = ? LIMIT ?[0m  [["id", 1], ["LIMIT", 1]]
  ↳ app/controllers/articles_controller.rb:26:in `edit'
  Rendering layout layouts/application.html.erb
  Rendering articles/edit.html.erb within layouts/application
  Rendered articles/_form.html.erb (Duration: 0.9ms | Allocations: 2857)
  Rendered articles/edit.html.erb within layouts/application (Duration: 1.0ms | Allocations: 2932)
  Rendered layout layouts/application.html.erb (Duration: 2.5ms | Allocations: 5162)
Completed 200 OK in 4ms (Views: 2.7ms | ActiveRecord: 0.1ms | Allocations: 5966)


Started POST "/articles/1/edit" for 127.0.0.1 at 2022-08-01 15:12:18 -0400
  
ActionController::RoutingError (No route matches [POST] "/articles/1/edit"):
  
Started GET "/articles/1/edit" for 127.0.0.1 at 2022-08-01 15:12:19 -0400
Processing by ArticlesController#edit as HTML
  Parameters: {"id"=>"1"}
  [1m[36mArticle Load (0.3ms)[0m  [1m[34mSELECT "articles".* FROM "articles" WHERE "articles"."id" = ? LIMIT ?[0m  [["id", 1], ["LIMIT", 1]]
  ↳ app/controllers/articles_controller.rb:26:in `edit'
  Rendering layout layouts/application.html.erb
  Rendering articles/edit.html.erb within layouts/application
  Rendered articles/_form.html.erb (Duration: 1.2ms | Allocations: 2868)
  Rendered articles/edit.html.erb within layouts/application (Duration: 1.3ms | Allocations: 2943)
  Rendered layout layouts/application.html.erb (Duration: 3.0ms | Allocations: 5173)
Completed 200 OK in 5ms (Views: 3.3ms | ActiveRecord: 0.3ms | Allocations: 5975)


Started POST "/articles/1/edit" for 127.0.0.1 at 2022-08-01 15:13:04 -0400
  
ActionController::RoutingError (No route matches [POST] "/articles/1/edit"):
  
Started GET "/articles/1/edit" for 127.0.0.1 at 2022-08-01 15:13:04 -0400
Processing by ArticlesController#edit as HTML
  Parameters: {"id"=>"1"}
  [1m[35m (0.0ms)[0m  [1m[34mSELECT sqlite_version(*)[0m
  ↳ app/controllers/articles_controller.rb:26:in `edit'
  [1m[36mArticle Load (0.0ms)[0m  [1m[34mSELECT "articles".* FROM "articles" WHERE "articles"."id" = ? LIMIT ?[0m  [["id", 1], ["LIMIT", 1]]
  ↳ app/controllers/articles_controller.rb:26:in `edit'
  Rendering layout layouts/application.html.erb
  Rendering articles/edit.html.erb within layouts/application
  Rendered articles/_form.html.erb (Duration: 1.2ms | Allocations: 3432)
  Rendered articles/edit.html.erb within layouts/application (Duration: 1.3ms | Allocations: 3518)
  Rendered layout layouts/application.html.erb (Duration: 6.5ms | Allocations: 17387)
Completed 200 OK in 11ms (Views: 7.0ms | ActiveRecord: 0.4ms | Allocations: 22377)


Started POST "/articles/1/edit" for 127.0.0.1 at 2022-08-01 15:13:57 -0400
  
ActionController::RoutingError (No route matches [POST] "/articles/1/edit"):
  
Started GET "/articles/1/edit" for 127.0.0.1 at 2022-08-01 15:13:57 -0400
Processing by ArticlesController#edit as HTML
  Parameters: {"id"=>"1"}
  [1m[36mArticle Load (0.1ms)[0m  [1m[34mSELECT "articles".* FROM "articles" WHERE "articles"."id" = ? LIMIT ?[0m  [["id", 1], ["LIMIT", 1]]
  ↳ app/controllers/articles_controller.rb:26:in `edit'
  Rendering layout layouts/application.html.erb
  Rendering articles/edit.html.erb within layouts/application
  Rendered articles/_form.html.erb (Duration: 1.1ms | Allocations: 2856)
  Rendered articles/edit.html.erb within layouts/application (Duration: 1.2ms | Allocations: 2931)
  Rendered layout layouts/application.html.erb (Duration: 3.1ms | Allocations: 5161)
Completed 200 OK in 4ms (Views: 3.4ms | ActiveRecord: 0.1ms | Allocations: 6032)


Started POST "/articles/1/edit" for 127.0.0.1 at 2022-08-01 15:15:27 -0400
  
ActionController::RoutingError (No route matches [POST] "/articles/1/edit"):
  
Started GET "/articles/1/edit" for 127.0.0.1 at 2022-08-01 15:15:27 -0400
Processing by ArticlesController#edit as HTML
  Parameters: {"id"=>"1"}
  [1m[35m (0.0ms)[0m  [1m[34mSELECT sqlite_version(*)[0m
  ↳ app/controllers/articles_controller.rb:26:in `edit'
  [1m[36mArticle Load (0.1ms)[0m  [1m[34mSELECT "articles".* FROM "articles" WHERE "articles"."id" = ? LIMIT ?[0m  [["id", 1], ["LIMIT", 1]]
  ↳ app/controllers/articles_controller.rb:26:in `edit'
  Rendering layout layouts/application.html.erb
  Rendering articles/edit.html.erb within layouts/application
  Rendered articles/_form.html.erb (Duration: 1.4ms | Allocations: 3438)
  Rendered articles/edit.html.erb within layouts/application (Duration: 1.5ms | Allocations: 3524)
  Rendered layout layouts/application.html.erb (Duration: 7.4ms | Allocations: 17386)
Completed 200 OK in 13ms (Views: 8.2ms | ActiveRecord: 0.5ms | Allocations: 22376)


Started GET "/" for 127.0.0.1 at 2022-08-01 15:18:53 -0400
  [1m[35m (0.3ms)[0m  [1m[34mSELECT sqlite_version(*)[0m
  [1m[36mActiveRecord::SchemaMigration Pluck (0.1ms)[0m  [1m[34mSELECT "schema_migrations"."version" FROM "schema_migrations" ORDER BY "schema_migrations"."version" ASC[0m
Processing by ArticlesController#index as HTML
  Rendering layout layouts/application.html.erb
  Rendering articles/index.html.erb within layouts/application
  [1m[36mArticle Load (0.1ms)[0m  [1m[34mSELECT "articles".* FROM "articles"[0m
  ↳ app/views/articles/index.html.erb:4
  Rendered articles/index.html.erb within layouts/application (Duration: 4.3ms | Allocations: 6311)
  Rendered layout layouts/application.html.erb (Duration: 23.0ms | Allocations: 41999)
Completed 200 OK in 28ms (Views: 24.3ms | ActiveRecord: 0.3ms | Allocations: 48966)


Started GET "/articles/1" for 127.0.0.1 at 2022-08-01 15:18:56 -0400
Processing by ArticlesController#show as HTML
  Parameters: {"id"=>"1"}
  [1m[36mArticle Load (0.3ms)[0m  [1m[34mSELECT "articles".* FROM "articles" WHERE "articles"."id" = ? LIMIT ?[0m  [["id", 1], ["LIMIT", 1]]
  ↳ app/controllers/articles_controller.rb:7:in `show'
  Rendering layout layouts/application.html.erb
  Rendering articles/show.html.erb within layouts/application
  Rendered articles/show.html.erb within layouts/application (Duration: 1.6ms | Allocations: 408)
  Rendered layout layouts/application.html.erb (Duration: 5.7ms | Allocations: 3077)
Completed 200 OK in 12ms (Views: 6.8ms | ActiveRecord: 0.3ms | Allocations: 6188)


Started GET "/articles/1/edit" for 127.0.0.1 at 2022-08-01 15:18:56 -0400
Processing by ArticlesController#edit as HTML
  Parameters: {"id"=>"1"}
  [1m[36mArticle Load (0.2ms)[0m  [1m[34mSELECT "articles".* FROM "articles" WHERE "articles"."id" = ? LIMIT ?[0m  [["id", 1], ["LIMIT", 1]]
  ↳ app/controllers/articles_controller.rb:26:in `edit'
  Rendering layout layouts/application.html.erb
  Rendering articles/edit.html.erb within layouts/application
  Rendered articles/_form.html.erb (Duration: 7.5ms | Allocations: 3816)
  Rendered articles/edit.html.erb within layouts/application (Duration: 10.7ms | Allocations: 4114)
  Rendered layout layouts/application.html.erb (Duration: 13.2ms | Allocations: 6439)
Completed 200 OK in 17ms (Views: 14.3ms | ActiveRecord: 0.2ms | Allocations: 7349)


Started PATCH "/articles/1" for 127.0.0.1 at 2022-08-01 15:18:58 -0400
Processing by ArticlesController#update as TURBO_STREAM
  Parameters: {"authenticity_token"=>"[FILTERED]", "article"=>{"title"=>"hey", "body"=>"hey brother hey bortherasdasd"}, "commit"=>"Update Article", "id"=>"1"}
  [1m[36mArticle Load (0.5ms)[0m  [1m[34mSELECT "articles".* FROM "articles" WHERE "articles"."id" = ? LIMIT ?[0m  [["id", 1], ["LIMIT", 1]]
  ↳ app/controllers/articles_controller.rb:31:in `update'
  [1m[36mTRANSACTION (0.1ms)[0m  [1m[36mbegin transaction[0m
  ↳ app/controllers/articles_controller.rb:33:in `update'
  [1m[36mArticle Update (1.0ms)[0m  [1m[33mUPDATE "articles" SET "body" = ?, "updated_at" = ? WHERE "articles"."id" = ?[0m  [["body", "hey brother hey bortherasdasd"], ["updated_at", "2022-08-01 19:18:58.680528"], ["id", 1]]
  ↳ app/controllers/articles_controller.rb:33:in `update'
  [1m[36mTRANSACTION (1.0ms)[0m  [1m[36mcommit transaction[0m
  ↳ app/controllers/articles_controller.rb:33:in `update'
Redirected to http://localhost:3000/articles/1
Completed 302 Found in 12ms (ActiveRecord: 2.6ms | Allocations: 4478)


Started GET "/articles/1" for 127.0.0.1 at 2022-08-01 15:18:58 -0400
Processing by ArticlesController#show as TURBO_STREAM
  Parameters: {"id"=>"1"}
  [1m[36mArticle Load (0.1ms)[0m  [1m[34mSELECT "articles".* FROM "articles" WHERE "articles"."id" = ? LIMIT ?[0m  [["id", 1], ["LIMIT", 1]]
  ↳ app/controllers/articles_controller.rb:7:in `show'
  Rendering layout layouts/application.html.erb
  Rendering articles/show.html.erb within layouts/application
  Rendered articles/show.html.erb within layouts/application (Duration: 0.3ms | Allocations: 133)
  Rendered layout layouts/application.html.erb (Duration: 4.4ms | Allocations: 2725)
Completed 200 OK in 7ms (Views: 5.0ms | ActiveRecord: 0.1ms | Allocations: 3625)


Started GET "/articles" for 127.0.0.1 at 2022-08-01 15:52:54 -0400
Processing by ArticlesController#index as HTML
  Rendering layout layouts/application.html.erb
  Rendering articles/index.html.erb within layouts/application
  [1m[35m (0.1ms)[0m  [1m[34mSELECT sqlite_version(*)[0m
  ↳ app/views/articles/index.html.erb:4
  [1m[36mArticle Load (0.4ms)[0m  [1m[34mSELECT "articles".* FROM "articles"[0m
  ↳ app/views/articles/index.html.erb:4
  Rendered articles/index.html.erb within layouts/application (Duration: 5.7ms | Allocations: 1394)
  Rendered layout layouts/application.html.erb (Duration: 13.2ms | Allocations: 3913)
Completed 200 OK in 16ms (Views: 14.1ms | ActiveRecord: 0.8ms | Allocations: 4252)


Started GET "/articles/1" for 127.0.0.1 at 2022-08-01 15:52:55 -0400
Processing by ArticlesController#show as HTML
  Parameters: {"id"=>"1"}
  [1m[36mArticle Load (0.2ms)[0m  [1m[34mSELECT "articles".* FROM "articles" WHERE "articles"."id" = ? LIMIT ?[0m  [["id", 1], ["LIMIT", 1]]
  ↳ app/controllers/articles_controller.rb:7:in `show'
  Rendering layout layouts/application.html.erb
  Rendering articles/show.html.erb within layouts/application
  Rendered articles/show.html.erb within layouts/application (Duration: 0.8ms | Allocations: 108)
  Rendered layout layouts/application.html.erb (Duration: 5.2ms | Allocations: 2619)
Completed 200 OK in 8ms (Views: 5.7ms | ActiveRecord: 0.2ms | Allocations: 3448)


Started GET "/articles/1" for 127.0.0.1 at 2022-08-01 15:58:54 -0400
Processing by ArticlesController#show as HTML
  Parameters: {"id"=>"1"}
  [1m[35m (0.0ms)[0m  [1m[34mSELECT sqlite_version(*)[0m
  ↳ app/controllers/articles_controller.rb:7:in `show'
  [1m[36mArticle Load (0.1ms)[0m  [1m[34mSELECT "articles".* FROM "articles" WHERE "articles"."id" = ? LIMIT ?[0m  [["id", 1], ["LIMIT", 1]]
  ↳ app/controllers/articles_controller.rb:7:in `show'
  Rendering layout layouts/application.html.erb
  Rendering articles/show.html.erb within layouts/application
  Rendered articles/show.html.erb within layouts/application (Duration: 10.5ms | Allocations: 1943)
  Rendered layout layouts/application.html.erb (Duration: 10.7ms | Allocations: 2041)
Completed 500 Internal Server Error in 18ms (ActiveRecord: 0.3ms | Allocations: 6889)


  
ActionView::SyntaxErrorInTemplate (Encountered a syntax error while rendering template: check <%= link_to "Back to Articles", articles_path %>


<h1><%= @article.title %></h1>

<p><%= @article.body %></p>
<ul>

<%= link_to "Edit", edit_article_path(@article) %>
<%= link_to "Delete", article_path(@article), data:{
  turbo_method: :delete
  turbo_confirm: "Are you sure?"
} %>

<ul>

):
1:    <%= link_to "Back to Articles", articles_path %>
2:    
3:    
4:    <h1><%= @article.title %></h1>
5:    
6:    <p><%= @article.body %></p>
7:    <ul>
8:    
9:    <%= link_to "Edit", edit_article_path(@article) %>
10:    <%= link_to "Delete", article_path(@article), data:{
11:      turbo_method: :delete
12:      turbo_confirm: "Are you sure?"
13:    } %>
14:    
15:    <ul>
  
app/views/articles/show.html.erb:12: syntax error, unexpected local variable or method, expecting '}'
app/views/articles/show.html.erb:13: syntax error, unexpected '}', expecting ')'
app/views/articles/show.html.erb:18: syntax error, unexpected `end', expecting ')'
app/views/articles/show.html.erb:12: syntax error, unexpected local variable or method, expecting '}'
app/views/articles/show.html.erb:13: syntax error, unexpected '}', expecting ')'
app/views/articles/show.html.erb:18: syntax error, unexpected `end', expecting ')'
app/views/articles/show.html.erb:12: syntax error, unexpected local variable or method, expecting '}'
app/views/articles/show.html.erb:13: syntax error, unexpected '}', expecting ')'
app/views/articles/show.html.erb:18: syntax error, unexpected `end', expecting ')'
app/views/articles/show.html.erb:12: syntax error, unexpected local variable or method, expecting '}'
app/views/articles/show.html.erb:13: syntax error, unexpected '}', expecting ')'
app/views/articles/show.html.erb:18: syntax error, unexpected `end', expecting ')'
app/views/articles/show.html.erb:12: syntax error, unexpected local variable or method, expecting '}'
app/views/articles/show.html.erb:13: syntax error, unexpected '}', expecting ')'
app/views/articles/show.html.erb:18: syntax error, unexpected `end', expecting ')'
app/views/articles/show.html.erb:12: syntax error, unexpected local variable or method, expecting '}'
app/views/articles/show.html.erb:13: syntax error, unexpected '}', expecting ')'
app/views/articles/show.html.erb:18: syntax error, unexpected `end', expecting ')'
Started GET "/" for 127.0.0.1 at 2022-08-01 15:59:16 -0400
  [1m[35m (0.5ms)[0m  [1m[34mSELECT sqlite_version(*)[0m
  [1m[36mActiveRecord::SchemaMigration Pluck (0.0ms)[0m  [1m[34mSELECT "schema_migrations"."version" FROM "schema_migrations" ORDER BY "schema_migrations"."version" ASC[0m
Processing by ArticlesController#index as HTML
  Rendering layout layouts/application.html.erb
  Rendering articles/index.html.erb within layouts/application
  [1m[36mArticle Load (0.2ms)[0m  [1m[34mSELECT "articles".* FROM "articles"[0m
  ↳ app/views/articles/index.html.erb:4
  Rendered articles/index.html.erb within layouts/application (Duration: 3.9ms | Allocations: 6311)
  Rendered layout layouts/application.html.erb (Duration: 21.9ms | Allocations: 42197)
Completed 200 OK in 28ms (Views: 23.3ms | ActiveRecord: 0.4ms | Allocations: 49164)


Started GET "/articles/1" for 127.0.0.1 at 2022-08-01 15:59:17 -0400
Processing by ArticlesController#show as HTML
  Parameters: {"id"=>"1"}
  [1m[36mArticle Load (0.3ms)[0m  [1m[34mSELECT "articles".* FROM "articles" WHERE "articles"."id" = ? LIMIT ?[0m  [["id", 1], ["LIMIT", 1]]
  ↳ app/controllers/articles_controller.rb:7:in `show'
  Rendering layout layouts/application.html.erb
  Rendering articles/show.html.erb within layouts/application
  Rendered articles/show.html.erb within layouts/application (Duration: 2.3ms | Allocations: 1952)
  Rendered layout layouts/application.html.erb (Duration: 2.5ms | Allocations: 2047)
Completed 500 Internal Server Error in 12ms (ActiveRecord: 0.3ms | Allocations: 5139)


  
ActionView::SyntaxErrorInTemplate (Encountered a syntax error while rendering template: check <%= link_to "Back to Articles", articles_path %>


<h1><%= @article.title %></h1>

<p><%= @article.body %></p>
<ul>

<%= link_to "Edit", edit_article_path(@article) %>
<%= link_to "Delete", article_path(@article), data:{
  turbo_method: :delete
  turbo_confirm: "Are you sure?"
} %>

<ul>

):
1:    <%= link_to "Back to Articles", articles_path %>
2:    
3:    
4:    <h1><%= @article.title %></h1>
5:    
6:    <p><%= @article.body %></p>
7:    <ul>
8:    
9:    <%= link_to "Edit", edit_article_path(@article) %>
10:    <%= link_to "Delete", article_path(@article), data:{
11:      turbo_method: :delete
12:      turbo_confirm: "Are you sure?"
13:    } %>
14:    
15:    <ul>
  
app/views/articles/show.html.erb:12: syntax error, unexpected local variable or method, expecting '}'
app/views/articles/show.html.erb:13: syntax error, unexpected '}', expecting ')'
app/views/articles/show.html.erb:18: syntax error, unexpected `end', expecting ')'
app/views/articles/show.html.erb:12: syntax error, unexpected local variable or method, expecting '}'
app/views/articles/show.html.erb:13: syntax error, unexpected '}', expecting ')'
app/views/articles/show.html.erb:18: syntax error, unexpected `end', expecting ')'
app/views/articles/show.html.erb:12: syntax error, unexpected local variable or method, expecting '}'
app/views/articles/show.html.erb:13: syntax error, unexpected '}', expecting ')'
app/views/articles/show.html.erb:18: syntax error, unexpected `end', expecting ')'
app/views/articles/show.html.erb:12: syntax error, unexpected local variable or method, expecting '}'
app/views/articles/show.html.erb:13: syntax error, unexpected '}', expecting ')'
app/views/articles/show.html.erb:18: syntax error, unexpected `end', expecting ')'
app/views/articles/show.html.erb:12: syntax error, unexpected local variable or method, expecting '}'
app/views/articles/show.html.erb:13: syntax error, unexpected '}', expecting ')'
app/views/articles/show.html.erb:18: syntax error, unexpected `end', expecting ')'
app/views/articles/show.html.erb:12: syntax error, unexpected local variable or method, expecting '}'
app/views/articles/show.html.erb:13: syntax error, unexpected '}', expecting ')'
app/views/articles/show.html.erb:18: syntax error, unexpected `end', expecting ')'
Started GET "/articles/1" for 127.0.0.1 at 2022-08-01 15:59:32 -0400
Processing by ArticlesController#show as HTML
  Parameters: {"id"=>"1"}
  [1m[36mArticle Load (0.2ms)[0m  [1m[34mSELECT "articles".* FROM "articles" WHERE "articles"."id" = ? LIMIT ?[0m  [["id", 1], ["LIMIT", 1]]
  ↳ app/controllers/articles_controller.rb:7:in `show'
  Rendering layout layouts/application.html.erb
  Rendering articles/show.html.erb within layouts/application
  Rendered articles/show.html.erb within layouts/application (Duration: 1.2ms | Allocations: 1220)
  Rendered layout layouts/application.html.erb (Duration: 1.5ms | Allocations: 1310)
Completed 500 Internal Server Error in 9ms (ActiveRecord: 0.2ms | Allocations: 2997)


  
ActionView::SyntaxErrorInTemplate (Encountered a syntax error while rendering template: check <%= link_to "Back to Articles", articles_path %>


<h1><%= @article.title %></h1>

<p><%= @article.body %></p>
<ul>

<%= link_to "Edit", edit_article_path %>
<%= link_to "Delete", article_path(@article), data:{
  turbo_method: :delete
  turbo_confirm: "Are you sure?"
} %>

<ul>

):
1:    <%= link_to "Back to Articles", articles_path %>
2:    
3:    
4:    <h1><%= @article.title %></h1>
5:    
6:    <p><%= @article.body %></p>
7:    <ul>
8:    
9:    <%= link_to "Edit", edit_article_path %>
10:    <%= link_to "Delete", article_path(@article), data:{
11:      turbo_method: :delete
12:      turbo_confirm: "Are you sure?"
13:    } %>
14:    
15:    <ul>
  
app/views/articles/show.html.erb:12: syntax error, unexpected local variable or method, expecting '}'
app/views/articles/show.html.erb:13: syntax error, unexpected '}', expecting ')'
app/views/articles/show.html.erb:18: syntax error, unexpected `end', expecting ')'
app/views/articles/show.html.erb:12: syntax error, unexpected local variable or method, expecting '}'
app/views/articles/show.html.erb:13: syntax error, unexpected '}', expecting ')'
app/views/articles/show.html.erb:18: syntax error, unexpected `end', expecting ')'
app/views/articles/show.html.erb:12: syntax error, unexpected local variable or method, expecting '}'
app/views/articles/show.html.erb:13: syntax error, unexpected '}', expecting ')'
app/views/articles/show.html.erb:18: syntax error, unexpected `end', expecting ')'
app/views/articles/show.html.erb:12: syntax error, unexpected local variable or method, expecting '}'
app/views/articles/show.html.erb:13: syntax error, unexpected '}', expecting ')'
app/views/articles/show.html.erb:18: syntax error, unexpected `end', expecting ')'
app/views/articles/show.html.erb:12: syntax error, unexpected local variable or method, expecting '}'
app/views/articles/show.html.erb:13: syntax error, unexpected '}', expecting ')'
app/views/articles/show.html.erb:18: syntax error, unexpected `end', expecting ')'
app/views/articles/show.html.erb:12: syntax error, unexpected local variable or method, expecting '}'
app/views/articles/show.html.erb:13: syntax error, unexpected '}', expecting ')'
app/views/articles/show.html.erb:18: syntax error, unexpected `end', expecting ')'
Started GET "/articles/1" for 127.0.0.1 at 2022-08-01 15:59:58 -0400
Processing by ArticlesController#show as HTML
  Parameters: {"id"=>"1"}
  [1m[36mArticle Load (0.3ms)[0m  [1m[34mSELECT "articles".* FROM "articles" WHERE "articles"."id" = ? LIMIT ?[0m  [["id", 1], ["LIMIT", 1]]
  ↳ app/controllers/articles_controller.rb:7:in `show'
  Rendering layout layouts/application.html.erb
  Rendering articles/show.html.erb within layouts/application
  Rendered articles/show.html.erb within layouts/application (Duration: 1.2ms | Allocations: 1220)
  Rendered layout layouts/application.html.erb (Duration: 1.4ms | Allocations: 1310)
Completed 500 Internal Server Error in 6ms (ActiveRecord: 0.3ms | Allocations: 2990)


  
ActionView::SyntaxErrorInTemplate (Encountered a syntax error while rendering template: check <%= link_to "Back to Articles", articles_path %>


<h1><%= @article.title %></h1>

<p><%= @article.body %></p>
<ul>

<%= link_to "Edit", edit_article_path(@article) %>
<%= link_to "Delete", article_path(@article), data:{
  turbo_method: :delete
  turbo_confirm: "Are you sure?"
} %>

</ul>

):
1:    <%= link_to "Back to Articles", articles_path %>
2:    
3:    
4:    <h1><%= @article.title %></h1>
5:    
6:    <p><%= @article.body %></p>
7:    <ul>
8:    
9:    <%= link_to "Edit", edit_article_path(@article) %>
10:    <%= link_to "Delete", article_path(@article), data:{
11:      turbo_method: :delete
12:      turbo_confirm: "Are you sure?"
13:    } %>
14:    
15:    </ul>
  
app/views/articles/show.html.erb:12: syntax error, unexpected local variable or method, expecting '}'
app/views/articles/show.html.erb:13: syntax error, unexpected '}', expecting ')'
app/views/articles/show.html.erb:18: syntax error, unexpected `end', expecting ')'
app/views/articles/show.html.erb:12: syntax error, unexpected local variable or method, expecting '}'
app/views/articles/show.html.erb:13: syntax error, unexpected '}', expecting ')'
app/views/articles/show.html.erb:18: syntax error, unexpected `end', expecting ')'
app/views/articles/show.html.erb:12: syntax error, unexpected local variable or method, expecting '}'
app/views/articles/show.html.erb:13: syntax error, unexpected '}', expecting ')'
app/views/articles/show.html.erb:18: syntax error, unexpected `end', expecting ')'
app/views/articles/show.html.erb:12: syntax error, unexpected local variable or method, expecting '}'
app/views/articles/show.html.erb:13: syntax error, unexpected '}', expecting ')'
app/views/articles/show.html.erb:18: syntax error, unexpected `end', expecting ')'
app/views/articles/show.html.erb:12: syntax error, unexpected local variable or method, expecting '}'
app/views/articles/show.html.erb:13: syntax error, unexpected '}', expecting ')'
app/views/articles/show.html.erb:18: syntax error, unexpected `end', expecting ')'
app/views/articles/show.html.erb:12: syntax error, unexpected local variable or method, expecting '}'
app/views/articles/show.html.erb:13: syntax error, unexpected '}', expecting ')'
app/views/articles/show.html.erb:18: syntax error, unexpected `end', expecting ')'
Started GET "/articles/1" for 127.0.0.1 at 2022-08-01 16:01:00 -0400
Processing by ArticlesController#show as HTML
  Parameters: {"id"=>"1"}
  [1m[36mArticle Load (0.3ms)[0m  [1m[34mSELECT "articles".* FROM "articles" WHERE "articles"."id" = ? LIMIT ?[0m  [["id", 1], ["LIMIT", 1]]
  ↳ app/controllers/articles_controller.rb:7:in `show'
  Rendering layout layouts/application.html.erb
  Rendering articles/show.html.erb within layouts/application
  Rendered articles/show.html.erb within layouts/application (Duration: 1.0ms | Allocations: 1222)
  Rendered layout layouts/application.html.erb (Duration: 1.2ms | Allocations: 1312)
Completed 500 Internal Server Error in 7ms (ActiveRecord: 0.3ms | Allocations: 2992)


  
ActionView::SyntaxErrorInTemplate (Encountered a syntax error while rendering template: check <%= link_to "Back to Articles", articles_path %>


<h1><%= @article.title %></h1>

<p><%= @article.body %></p>

<li>

  <%= link_to "Edit", edit_article_path(@article) %>
  <%= link_to "Destroy", article_path(@article), data:{
    turbo_method: :delete
    turbo_confirm: "Are you sure?"
  } %>

</li>

):
1:    <%= link_to "Back to Articles", articles_path %>
2:    
3:    
4:    <h1><%= @article.title %></h1>
5:    
6:    <p><%= @article.body %></p>
7:    
8:    <li>
9:    
10:      <%= link_to "Edit", edit_article_path(@article) %>
11:      <%= link_to "Destroy", article_path(@article), data:{
12:        turbo_method: :delete
13:        turbo_confirm: "Are you sure?"
14:      } %>
15:    
16:    </li>
  
app/views/articles/show.html.erb:13: syntax error, unexpected local variable or method, expecting '}'
app/views/articles/show.html.erb:14: syntax error, unexpected '}', expecting ')'
app/views/articles/show.html.erb:19: syntax error, unexpected `end', expecting ')'
app/views/articles/show.html.erb:13: syntax error, unexpected local variable or method, expecting '}'
app/views/articles/show.html.erb:14: syntax error, unexpected '}', expecting ')'
app/views/articles/show.html.erb:19: syntax error, unexpected `end', expecting ')'
app/views/articles/show.html.erb:13: syntax error, unexpected local variable or method, expecting '}'
app/views/articles/show.html.erb:14: syntax error, unexpected '}', expecting ')'
app/views/articles/show.html.erb:19: syntax error, unexpected `end', expecting ')'
app/views/articles/show.html.erb:13: syntax error, unexpected local variable or method, expecting '}'
app/views/articles/show.html.erb:14: syntax error, unexpected '}', expecting ')'
app/views/articles/show.html.erb:19: syntax error, unexpected `end', expecting ')'
app/views/articles/show.html.erb:13: syntax error, unexpected local variable or method, expecting '}'
app/views/articles/show.html.erb:14: syntax error, unexpected '}', expecting ')'
app/views/articles/show.html.erb:19: syntax error, unexpected `end', expecting ')'
app/views/articles/show.html.erb:13: syntax error, unexpected local variable or method, expecting '}'
app/views/articles/show.html.erb:14: syntax error, unexpected '}', expecting ')'
app/views/articles/show.html.erb:19: syntax error, unexpected `end', expecting ')'
Started GET "/articles/1" for 127.0.0.1 at 2022-08-01 16:02:09 -0400
Processing by ArticlesController#show as HTML
  Parameters: {"id"=>"1"}
  [1m[36mArticle Load (0.2ms)[0m  [1m[34mSELECT "articles".* FROM "articles" WHERE "articles"."id" = ? LIMIT ?[0m  [["id", 1], ["LIMIT", 1]]
  ↳ app/controllers/articles_controller.rb:7:in `show'
  Rendering layout layouts/application.html.erb
  Rendering articles/show.html.erb within layouts/application
  Rendered articles/show.html.erb within layouts/application (Duration: 1.2ms | Allocations: 1209)
  Rendered layout layouts/application.html.erb (Duration: 1.4ms | Allocations: 1298)
Completed 500 Internal Server Error in 6ms (ActiveRecord: 0.2ms | Allocations: 2956)


  
ActionView::SyntaxErrorInTemplate (Encountered a syntax error while rendering template: check 

<h1><%= @article.title %></h1>

<p><%= @article.body %></p>

<li>

  <%= link_to "Edit", edit_article_path(@article) %>
  <%= link_to "Destroy", article_path(@article), data:{
    turbo_method: :delete
    turbo_confirm: "Are you sure?"
  } %>

</li>

):
1:    
2:    
3:    <h1><%= @article.title %></h1>
4:    
5:    <p><%= @article.body %></p>
6:    
7:    <li>
8:    
9:      <%= link_to "Edit", edit_article_path(@article) %>
10:      <%= link_to "Destroy", article_path(@article), data:{
11:        turbo_method: :delete
12:        turbo_confirm: "Are you sure?"
13:      } %>
14:    
15:    </li>
  
app/views/articles/show.html.erb:12: syntax error, unexpected local variable or method, expecting '}'
app/views/articles/show.html.erb:13: syntax error, unexpected '}', expecting ')'
app/views/articles/show.html.erb:18: syntax error, unexpected `end', expecting ')'
app/views/articles/show.html.erb:12: syntax error, unexpected local variable or method, expecting '}'
app/views/articles/show.html.erb:13: syntax error, unexpected '}', expecting ')'
app/views/articles/show.html.erb:18: syntax error, unexpected `end', expecting ')'
app/views/articles/show.html.erb:12: syntax error, unexpected local variable or method, expecting '}'
app/views/articles/show.html.erb:13: syntax error, unexpected '}', expecting ')'
app/views/articles/show.html.erb:18: syntax error, unexpected `end', expecting ')'
app/views/articles/show.html.erb:12: syntax error, unexpected local variable or method, expecting '}'
app/views/articles/show.html.erb:13: syntax error, unexpected '}', expecting ')'
app/views/articles/show.html.erb:18: syntax error, unexpected `end', expecting ')'
app/views/articles/show.html.erb:12: syntax error, unexpected local variable or method, expecting '}'
app/views/articles/show.html.erb:13: syntax error, unexpected '}', expecting ')'
app/views/articles/show.html.erb:18: syntax error, unexpected `end', expecting ')'
app/views/articles/show.html.erb:12: syntax error, unexpected local variable or method, expecting '}'
app/views/articles/show.html.erb:13: syntax error, unexpected '}', expecting ')'
app/views/articles/show.html.erb:18: syntax error, unexpected `end', expecting ')'
Started GET "/articles/1" for 127.0.0.1 at 2022-08-01 16:02:32 -0400
Processing by ArticlesController#show as HTML
  Parameters: {"id"=>"1"}
  [1m[36mArticle Load (0.2ms)[0m  [1m[34mSELECT "articles".* FROM "articles" WHERE "articles"."id" = ? LIMIT ?[0m  [["id", 1], ["LIMIT", 1]]
  ↳ app/controllers/articles_controller.rb:7:in `show'
  Rendering layout layouts/application.html.erb
  Rendering articles/show.html.erb within layouts/application
  Rendered articles/show.html.erb within layouts/application (Duration: 1.2ms | Allocations: 461)
  Rendered layout layouts/application.html.erb (Duration: 6.0ms | Allocations: 3433)
Completed 200 OK in 11ms (Views: 8.2ms | ActiveRecord: 0.2ms | Allocations: 5131)


Started DELETE "/articles/1" for 127.0.0.1 at 2022-08-01 16:02:35 -0400
Processing by ArticlesController#destroy as TURBO_STREAM
  Parameters: {"id"=>"1"}
  [1m[36mArticle Load (0.2ms)[0m  [1m[34mSELECT "articles".* FROM "articles" WHERE "articles"."id" = ? LIMIT ?[0m  [["id", 1], ["LIMIT", 1]]
  ↳ app/controllers/articles_controller.rb:43:in `destroy'
Completed 500 Internal Server Error in 8ms (ActiveRecord: 0.2ms | Allocations: 3677)


  
NoMethodError (undefined method `distroy' for #<Article id: 1, title: "hey", body: "hey brother hey bortherasdasd", created_at: "2022-08-01 18:45:52.944489000 +0000", updated_at: "2022-08-01 19:18:58.680528000 +0000">
Did you mean?  destroy
               destroy!
               _destroy):
  
app/controllers/articles_controller.rb:44:in `destroy'
Started GET "/articles/1" for 127.0.0.1 at 2022-08-01 16:05:46 -0400
Processing by ArticlesController#show as HTML
  Parameters: {"id"=>"1"}
  [1m[36mArticle Load (0.2ms)[0m  [1m[34mSELECT "articles".* FROM "articles" WHERE "articles"."id" = ? LIMIT ?[0m  [["id", 1], ["LIMIT", 1]]
  ↳ app/controllers/articles_controller.rb:7:in `show'
  Rendering layout layouts/application.html.erb
  Rendering articles/show.html.erb within layouts/application
  Rendered articles/show.html.erb within layouts/application (Duration: 0.3ms | Allocations: 162)
  Rendered layout layouts/application.html.erb (Duration: 4.1ms | Allocations: 2780)
Completed 200 OK in 8ms (Views: 4.6ms | ActiveRecord: 0.2ms | Allocations: 3613)


Started DELETE "/articles/1" for 127.0.0.1 at 2022-08-01 16:05:49 -0400
Processing by ArticlesController#destroy as TURBO_STREAM
  Parameters: {"id"=>"1"}
  [1m[36mArticle Load (0.4ms)[0m  [1m[34mSELECT "articles".* FROM "articles" WHERE "articles"."id" = ? LIMIT ?[0m  [["id", 1], ["LIMIT", 1]]
  ↳ app/controllers/articles_controller.rb:43:in `destroy'
Completed 500 Internal Server Error in 12ms (ActiveRecord: 0.4ms | Allocations: 3305)


  
NoMethodError (undefined method `distroy' for #<Article id: 1, title: "hey", body: "hey brother hey bortherasdasd", created_at: "2022-08-01 18:45:52.944489000 +0000", updated_at: "2022-08-01 19:18:58.680528000 +0000">
Did you mean?  destroy
               destroy!
               _destroy):
  
app/controllers/articles_controller.rb:44:in `destroy'
Started GET "/articles/1" for 127.0.0.1 at 2022-08-01 16:06:17 -0400
Processing by ArticlesController#show as HTML
  Parameters: {"id"=>"1"}
  [1m[35m (0.0ms)[0m  [1m[34mSELECT sqlite_version(*)[0m
  ↳ app/controllers/articles_controller.rb:7:in `show'
  [1m[36mArticle Load (0.1ms)[0m  [1m[34mSELECT "articles".* FROM "articles" WHERE "articles"."id" = ? LIMIT ?[0m  [["id", 1], ["LIMIT", 1]]
  ↳ app/controllers/articles_controller.rb:7:in `show'
  Rendering layout layouts/application.html.erb
  Rendering articles/show.html.erb within layouts/application
  Rendered articles/show.html.erb within layouts/application (Duration: 0.2ms | Allocations: 234)
  Rendered layout layouts/application.html.erb (Duration: 8.6ms | Allocations: 14466)
Completed 200 OK in 14ms (Views: 9.3ms | ActiveRecord: 0.5ms | Allocations: 19475)


Started DELETE "/articles/1" for 127.0.0.1 at 2022-08-01 16:06:20 -0400
Processing by ArticlesController#destroy as TURBO_STREAM
  Parameters: {"id"=>"1"}
  [1m[36mArticle Load (0.4ms)[0m  [1m[34mSELECT "articles".* FROM "articles" WHERE "articles"."id" = ? LIMIT ?[0m  [["id", 1], ["LIMIT", 1]]
  ↳ app/controllers/articles_controller.rb:43:in `destroy'
  [1m[36mTRANSACTION (0.1ms)[0m  [1m[36mbegin transaction[0m
  ↳ app/controllers/articles_controller.rb:44:in `destroy'
  [1m[36mArticle Destroy (1.1ms)[0m  [1m[31mDELETE FROM "articles" WHERE "articles"."id" = ?[0m  [["id", 1]]
  ↳ app/controllers/articles_controller.rb:44:in `destroy'
  [1m[36mTRANSACTION (1.6ms)[0m  [1m[36mcommit transaction[0m
  ↳ app/controllers/articles_controller.rb:44:in `destroy'
Redirected to http://localhost:3000/
Completed 303 See Other in 12ms (ActiveRecord: 3.3ms | Allocations: 2808)


Started GET "/" for 127.0.0.1 at 2022-08-01 16:06:20 -0400
Processing by ArticlesController#index as TURBO_STREAM
  Rendering layout layouts/application.html.erb
  Rendering articles/index.html.erb within layouts/application
  [1m[36mArticle Load (0.2ms)[0m  [1m[34mSELECT "articles".* FROM "articles"[0m
  ↳ app/views/articles/index.html.erb:4
  Rendered articles/index.html.erb within layouts/application (Duration: 2.3ms | Allocations: 949)
  Rendered layout layouts/application.html.erb (Duration: 5.8ms | Allocations: 3459)
Completed 200 OK in 7ms (Views: 6.1ms | ActiveRecord: 0.2ms | Allocations: 3945)


Started GET "/articles/2" for 127.0.0.1 at 2022-08-01 16:06:22 -0400
Processing by ArticlesController#show as HTML
  Parameters: {"id"=>"2"}
  [1m[36mArticle Load (0.3ms)[0m  [1m[34mSELECT "articles".* FROM "articles" WHERE "articles"."id" = ? LIMIT ?[0m  [["id", 2], ["LIMIT", 1]]
  ↳ app/controllers/articles_controller.rb:7:in `show'
  Rendering layout layouts/application.html.erb
  Rendering articles/show.html.erb within layouts/application
  Rendered articles/show.html.erb within layouts/application (Duration: 0.8ms | Allocations: 148)
  Rendered layout layouts/application.html.erb (Duration: 17.8ms | Allocations: 2650)
Completed 200 OK in 23ms (Views: 19.1ms | ActiveRecord: 0.3ms | Allocations: 3456)


Started DELETE "/articles/2" for 127.0.0.1 at 2022-08-01 16:06:24 -0400
Processing by ArticlesController#destroy as TURBO_STREAM
  Parameters: {"id"=>"2"}
  [1m[36mArticle Load (0.2ms)[0m  [1m[34mSELECT "articles".* FROM "articles" WHERE "articles"."id" = ? LIMIT ?[0m  [["id", 2], ["LIMIT", 1]]
  ↳ app/controllers/articles_controller.rb:43:in `destroy'
  [1m[36mTRANSACTION (0.1ms)[0m  [1m[36mbegin transaction[0m
  ↳ app/controllers/articles_controller.rb:44:in `destroy'
  [1m[36mArticle Destroy (0.6ms)[0m  [1m[31mDELETE FROM "articles" WHERE "articles"."id" = ?[0m  [["id", 2]]
  ↳ app/controllers/articles_controller.rb:44:in `destroy'
  [1m[36mTRANSACTION (0.9ms)[0m  [1m[36mcommit transaction[0m
  ↳ app/controllers/articles_controller.rb:44:in `destroy'
Redirected to http://localhost:3000/
Completed 303 See Other in 8ms (ActiveRecord: 1.8ms | Allocations: 2423)


Started GET "/" for 127.0.0.1 at 2022-08-01 16:06:24 -0400
Processing by ArticlesController#index as TURBO_STREAM
  Rendering layout layouts/application.html.erb
  Rendering articles/index.html.erb within layouts/application
  [1m[36mArticle Load (0.2ms)[0m  [1m[34mSELECT "articles".* FROM "articles"[0m
  ↳ app/views/articles/index.html.erb:4
  Rendered articles/index.html.erb within layouts/application (Duration: 1.5ms | Allocations: 585)
  Rendered layout layouts/application.html.erb (Duration: 5.1ms | Allocations: 3107)
Completed 200 OK in 6ms (Views: 5.5ms | ActiveRecord: 0.2ms | Allocations: 3449)


Started GET "/articles/new" for 127.0.0.1 at 2022-08-01 16:06:27 -0400
Processing by ArticlesController#new as HTML
  Rendering layout layouts/application.html.erb
  Rendering articles/new.html.erb within layouts/application
  Rendered articles/_form.html.erb (Duration: 10.3ms | Allocations: 3758)
  Rendered articles/new.html.erb within layouts/application (Duration: 11.4ms | Allocations: 4041)
  Rendered layout layouts/application.html.erb (Duration: 12.9ms | Allocations: 6376)
Completed 200 OK in 14ms (Views: 13.4ms | ActiveRecord: 0.0ms | Allocations: 6830)


Started POST "/articles" for 127.0.0.1 at 2022-08-01 16:06:31 -0400
Processing by ArticlesController#create as TURBO_STREAM
  Parameters: {"authenticity_token"=>"[FILTERED]", "article"=>{"title"=>"asd", "body"=>"asdadadasdadadassd"}, "commit"=>"Create Article"}
  [1m[36mTRANSACTION (0.2ms)[0m  [1m[36mbegin transaction[0m
  ↳ app/controllers/articles_controller.rb:17:in `create'
  [1m[36mArticle Create (0.7ms)[0m  [1m[32mINSERT INTO "articles" ("title", "body", "created_at", "updated_at") VALUES (?, ?, ?, ?)[0m  [["title", "asd"], ["body", "asdadadasdadadassd"], ["created_at", "2022-08-01 20:06:31.036320"], ["updated_at", "2022-08-01 20:06:31.036320"]]
  ↳ app/controllers/articles_controller.rb:17:in `create'
  [1m[36mTRANSACTION (0.7ms)[0m  [1m[36mcommit transaction[0m
  ↳ app/controllers/articles_controller.rb:17:in `create'
Redirected to http://localhost:3000/articles/3
Completed 302 Found in 11ms (ActiveRecord: 1.5ms | Allocations: 3530)


Started GET "/articles/3" for 127.0.0.1 at 2022-08-01 16:06:31 -0400
Processing by ArticlesController#show as TURBO_STREAM
  Parameters: {"id"=>"3"}
  [1m[36mArticle Load (0.1ms)[0m  [1m[34mSELECT "articles".* FROM "articles" WHERE "articles"."id" = ? LIMIT ?[0m  [["id", 3], ["LIMIT", 1]]
  ↳ app/controllers/articles_controller.rb:7:in `show'
  Rendering layout layouts/application.html.erb
  Rendering articles/show.html.erb within layouts/application
  Rendered articles/show.html.erb within layouts/application (Duration: 0.4ms | Allocations: 173)
  Rendered layout layouts/application.html.erb (Duration: 3.5ms | Allocations: 2769)
Completed 200 OK in 6ms (Views: 4.1ms | ActiveRecord: 0.1ms | Allocations: 3633)


Started GET "/articles/3" for 127.0.0.1 at 2022-08-01 16:47:48 -0400
  [1m[35m (0.5ms)[0m  [1m[34mSELECT sqlite_version(*)[0m
  [1m[36mActiveRecord::SchemaMigration Pluck (0.1ms)[0m  [1m[34mSELECT "schema_migrations"."version" FROM "schema_migrations" ORDER BY "schema_migrations"."version" ASC[0m
Processing by ArticlesController#show as HTML
  Parameters: {"id"=>"3"}
  [1m[36mArticle Load (0.2ms)[0m  [1m[34mSELECT "articles".* FROM "articles" WHERE "articles"."id" = ? LIMIT ?[0m  [["id", 3], ["LIMIT", 1]]
  ↳ app/controllers/articles_controller.rb:7:in `show'
  Rendering layout layouts/application.html.erb
  Rendering articles/show.html.erb within layouts/application
  Rendered articles/show.html.erb within layouts/application (Duration: 0.9ms | Allocations: 878)
  Rendered layout layouts/application.html.erb (Duration: 20.5ms | Allocations: 36752)
Completed 200 OK in 31ms (Views: 22.3ms | ActiveRecord: 0.4ms | Allocations: 51165)


Started GET "/articles" for 127.0.0.1 at 2022-08-01 16:47:52 -0400
Processing by ArticlesController#index as HTML
  Rendering layout layouts/application.html.erb
  Rendering articles/index.html.erb within layouts/application
  [1m[36mArticle Load (0.1ms)[0m  [1m[34mSELECT "articles".* FROM "articles"[0m
  ↳ app/views/articles/index.html.erb:4
  Rendered articles/index.html.erb within layouts/application (Duration: 2.1ms | Allocations: 1068)
  Rendered layout layouts/application.html.erb (Duration: 4.0ms | Allocations: 3744)
Completed 200 OK in 6ms (Views: 4.6ms | ActiveRecord: 0.1ms | Allocations: 4239)


Started GET "/articles" for 127.0.0.1 at 2022-08-01 16:47:54 -0400
Processing by ArticlesController#index as HTML
  Rendering layout layouts/application.html.erb
  Rendering articles/index.html.erb within layouts/application
  [1m[36mArticle Load (0.1ms)[0m  [1m[34mSELECT "articles".* FROM "articles"[0m
  ↳ app/views/articles/index.html.erb:4
  Rendered articles/index.html.erb within layouts/application (Duration: 1.7ms | Allocations: 652)
  Rendered layout layouts/application.html.erb (Duration: 5.8ms | Allocations: 3151)
Completed 200 OK in 7ms (Views: 6.2ms | ActiveRecord: 0.1ms | Allocations: 3495)


Started GET "/articles" for 127.0.0.1 at 2022-08-01 16:47:57 -0400
Processing by ArticlesController#index as HTML
  Rendering layout layouts/application.html.erb
  Rendering articles/index.html.erb within layouts/application
  [1m[36mArticle Load (0.2ms)[0m  [1m[34mSELECT "articles".* FROM "articles"[0m
  ↳ app/views/articles/index.html.erb:4
  Rendered articles/index.html.erb within layouts/application (Duration: 1.7ms | Allocations: 652)
  Rendered layout layouts/application.html.erb (Duration: 6.6ms | Allocations: 3166)
Completed 200 OK in 8ms (Views: 7.0ms | ActiveRecord: 0.2ms | Allocations: 3510)


